<?xml version="1.0" encoding="UTF-8"?>
<!-- Generated by org.testng.reporters.JUnitXMLReporter -->
<testsuite hostname="DESKTOP-GIJ7VPF" ignored="0" name="APITest" tests="3" failures="1" timestamp="09 Sep 2020 21:56:07 GMT" time="2.189" errors="0">
  <testcase name="weatherJsonResponse" time="2.172" classname="com.ndtv.restAssured.ResponseToJavaObjectDeserialization"/>
  <testcase name="extractResponseBody" time="0.001" classname="com.ndtv.restAssured.ResponseToJavaObjectDeserialization"/>
  <testcase name="tempComparator" time="0.001" classname="com.ndtv.restAssured.ResponseToJavaObjectDeserialization">
    <failure type="java.lang.AssertionError" message="expected [Temperature in Kelvin from API response : 35.0 and Temperature in Kelvin from WebUI is 308.15] but found [false]">
      <![CDATA[java.lang.AssertionError: expected [Temperature in Kelvin from API response : 35.0 and Temperature in Kelvin from WebUI is 308.15] but found [false]
at com.ndtv.util.TemperatureUtility.compareTemperature(TemperatureUtility.java:53)
at com.ndtv.restAssured.ResponseToJavaObjectDeserialization.tempComparator(ResponseToJavaObjectDeserialization.java:50)
... Removed 33 stack frames]]>
    </failure>
  </testcase> <!-- tempComparator -->
</testsuite> <!-- APITest -->
