<?xml version="1.0" encoding="UTF-8"?>
<!-- Generated by org.testng.reporters.JUnitXMLReporter -->
<testsuite hostname="DESKTOP-GIJ7VPF" ignored="0" name="ComparatorAndVariance" tests="2" failures="2" timestamp="10 Sep 2020 20:12:07 GMT" time="1.231" errors="0">
  <testcase name="tempComparatorOfWebUIandAPI" time="0.005" classname="com.ndtv.testcases.ComparatorTestCase">
    <failure type="java.lang.AssertionError" message="The following asserts failed:
	Temperature in Kelvin from API response : 302.06 and Temperature in Kelvin from WebUI is 308.15,
	Humidity from API response : 54.0 and humidity from WebUI is 55.0">
      <![CDATA[java.lang.AssertionError: The following asserts failed:
Temperature in Kelvin from API response : 302.06 and Temperature in Kelvin from WebUI is 308.15,
Humidity from API response : 54.0 and humidity from WebUI is 55.0
at com.ndtv.util.TemperatureUtility.compareTemperature(TemperatureUtility.java:80)
at com.ndtv.testcases.ComparatorTestCase.tempComparatorOfWebUIandAPI(ComparatorTestCase.java:20)
... Removed 29 stack frames]]>
    </failure>
  </testcase> <!-- tempComparatorOfWebUIandAPI -->
  <testcase name="varianceCheck" time="1.216" classname="com.ndtv.testcases.ComparatorTestCase">
    <failure type="java.lang.AssertionError" message="The following asserts failed:
	Provided temperature 302.41 not mat the condition, Should be between minimum temp 302.06 and maximum temp 302.06">
      <![CDATA[java.lang.AssertionError: The following asserts failed:
Provided temperature 302.41 not mat the condition, Should be between minimum temp 302.06 and maximum temp 302.06
at com.ndtv.testcases.ComparatorTestCase.varianceCheck(ComparatorTestCase.java:43)
... Removed 29 stack frames]]>
    </failure>
  </testcase> <!-- varianceCheck -->
</testsuite> <!-- ComparatorAndVariance -->
