<?xml version="1.0" encoding="UTF-8"?>
<!-- Generated by org.testng.reporters.JUnitXMLReporter -->
<testsuite hostname="DESKTOP-GIJ7VPF" ignored="0" name="WebApplicationTest" tests="4" failures="0" timestamp="09 Sep 2020 21:56:04 GMT" time="37.143" errors="0">
  <testcase name="launchNDTV" time="5.135" classname="com.ndtv.testcases.WebApplicationTestCases"/>
  <testcase name="navigateToWeather" time="22.202" classname="com.ndtv.testcases.WebApplicationTestCases"/>
  <testcase name="validateCityOnMap" time="1.354" classname="com.ndtv.testcases.WebApplicationTestCases"/>
  <testcase name="captureTemp" time="0.337" classname="com.ndtv.testcases.WebApplicationTestCases"/>
</testsuite> <!-- WebApplicationTest -->
