<?xml version="1.0" encoding="UTF-8"?>
<testng-results skipped="0" failed="1" ignored="0" total="8" passed="7">
  <reporter-output>
  </reporter-output>
  <suite name="Suite" duration-ms="29885" started-at="2020-09-13T20:03:36Z" finished-at="2020-09-13T20:04:06Z">
    <groups>
    </groups>
    <test name="WebApplicationTest" duration-ms="26187" started-at="2020-09-13T20:03:36Z" finished-at="2020-09-13T20:04:03Z">
      <class name="com.ndtv.testcases.WebApplicationTestCases">
        <test-method status="PASS" signature="initializeBrowserDriver()[pri:0, instance:com.ndtv.testcases.WebApplicationTestCases@24a35978]" name="initializeBrowserDriver" is-config="true" duration-ms="6953" started-at="2020-09-13T20:03:36Z" finished-at="2020-09-13T20:03:43Z">
          <reporter-output>
          </reporter-output>
        </test-method> <!-- initializeBrowserDriver -->
        <test-method status="PASS" signature="launchNDTV()[pri:0, instance:com.ndtv.testcases.WebApplicationTestCases@24a35978]" name="launchNDTV" duration-ms="4891" started-at="2020-09-13T20:03:43Z" finished-at="2020-09-13T20:03:48Z">
          <reporter-output>
          </reporter-output>
        </test-method> <!-- launchNDTV -->
        <test-method status="PASS" signature="navigateToWeather()[pri:0, instance:com.ndtv.testcases.WebApplicationTestCases@24a35978]" name="navigateToWeather" duration-ms="11484" started-at="2020-09-13T20:03:48Z" depends-on-methods="com.ndtv.testcases.WebApplicationTestCases.launchNDTV" finished-at="2020-09-13T20:04:00Z">
          <reporter-output>
          </reporter-output>
        </test-method> <!-- navigateToWeather -->
        <test-method status="PASS" signature="validateCityOnMap()[pri:0, instance:com.ndtv.testcases.WebApplicationTestCases@24a35978]" name="validateCityOnMap" duration-ms="889" started-at="2020-09-13T20:04:00Z" depends-on-methods="com.ndtv.testcases.WebApplicationTestCases.navigateToWeather" finished-at="2020-09-13T20:04:01Z">
          <reporter-output>
          </reporter-output>
        </test-method> <!-- validateCityOnMap -->
        <test-method status="PASS" signature="captureTemp()[pri:0, instance:com.ndtv.testcases.WebApplicationTestCases@24a35978]" name="captureTemp" duration-ms="894" started-at="2020-09-13T20:04:01Z" depends-on-methods="com.ndtv.testcases.WebApplicationTestCases.validateCityOnMap" finished-at="2020-09-13T20:04:02Z">
          <reporter-output>
          </reporter-output>
        </test-method> <!-- captureTemp -->
        <test-method status="PASS" signature="shutBrowser()[pri:0, instance:com.ndtv.testcases.WebApplicationTestCases@24a35978]" name="shutBrowser" is-config="true" duration-ms="1024" started-at="2020-09-13T20:04:02Z" finished-at="2020-09-13T20:04:03Z">
          <reporter-output>
          </reporter-output>
        </test-method> <!-- shutBrowser -->
      </class> <!-- com.ndtv.testcases.WebApplicationTestCases -->
    </test> <!-- WebApplicationTest -->
    <test name="APITest" duration-ms="2459" started-at="2020-09-13T20:04:03Z" finished-at="2020-09-13T20:04:05Z">
      <class name="com.ndtv.testcases.APITestCases">
        <test-method status="PASS" signature="weatherJsonResponse()[pri:0, instance:com.ndtv.testcases.APITestCases@2f8f5f62]" name="weatherJsonResponse" duration-ms="2442" started-at="2020-09-13T20:04:03Z" finished-at="2020-09-13T20:04:05Z">
          <reporter-output>
          </reporter-output>
        </test-method> <!-- weatherJsonResponse -->
        <test-method status="PASS" signature="extractResponseBody()[pri:0, instance:com.ndtv.testcases.APITestCases@2f8f5f62]" name="extractResponseBody" duration-ms="5" started-at="2020-09-13T20:04:05Z" depends-on-methods="com.ndtv.testcases.APITestCases.weatherJsonResponse" finished-at="2020-09-13T20:04:05Z">
          <reporter-output>
          </reporter-output>
        </test-method> <!-- extractResponseBody -->
      </class> <!-- com.ndtv.testcases.APITestCases -->
    </test> <!-- APITest -->
    <test name="ComparatorAndVariance" duration-ms="763" started-at="2020-09-13T20:04:05Z" finished-at="2020-09-13T20:04:06Z">
      <class name="com.ndtv.testcases.ComparatorTestCase">
        <test-method status="FAIL" signature="tempComparatorOfWebUIandAPI()[pri:1, instance:com.ndtv.testcases.ComparatorTestCase@43d7741f]" name="tempComparatorOfWebUIandAPI" duration-ms="3" started-at="2020-09-13T20:04:05Z" finished-at="2020-09-13T20:04:05Z">
          <exception class="java.lang.AssertionError">
            <message>
              <![CDATA[The following asserts failed:
Temperature in Kelvin from API response : 302.49 and Temperature in Kelvin from WebUI is 303.15,
Humidity from API response : 66.0 and humidity from WebUI is 79.0]]>
            </message>
            <full-stacktrace>
              <![CDATA[java.lang.AssertionError: The following asserts failed:
Temperature in Kelvin from API response : 302.49 and Temperature in Kelvin from WebUI is 303.15,
Humidity from API response : 66.0 and humidity from WebUI is 79.0
at org.testng.asserts.SoftAssert.assertAll(SoftAssert.java:43)
at com.ndtv.util.TemperatureUtility.compareTemperature(TemperatureUtility.java:80)
at com.ndtv.testcases.ComparatorTestCase.tempComparatorOfWebUIandAPI(ComparatorTestCase.java:20)
at sun.reflect.NativeMethodAccessorImpl.invoke0(Native Method)
at sun.reflect.NativeMethodAccessorImpl.invoke(NativeMethodAccessorImpl.java:62)
at sun.reflect.DelegatingMethodAccessorImpl.invoke(DelegatingMethodAccessorImpl.java:43)
at java.lang.reflect.Method.invoke(Method.java:498)
at org.testng.internal.MethodInvocationHelper.invokeMethod(MethodInvocationHelper.java:124)
at org.testng.internal.Invoker.invokeMethod(Invoker.java:583)
at org.testng.internal.Invoker.invokeTestMethod(Invoker.java:719)
at org.testng.internal.Invoker.invokeTestMethods(Invoker.java:989)
at org.testng.internal.TestMethodWorker.invokeTestMethods(TestMethodWorker.java:125)
at org.testng.internal.TestMethodWorker.run(TestMethodWorker.java:109)
at org.testng.TestRunner.privateRun(TestRunner.java:648)
at org.testng.TestRunner.run(TestRunner.java:505)
at org.testng.SuiteRunner.runTest(SuiteRunner.java:455)
at org.testng.SuiteRunner.runSequentially(SuiteRunner.java:450)
at org.testng.SuiteRunner.privateRun(SuiteRunner.java:415)
at org.testng.SuiteRunner.run(SuiteRunner.java:364)
at org.testng.SuiteRunnerWorker.runSuite(SuiteRunnerWorker.java:52)
at org.testng.SuiteRunnerWorker.run(SuiteRunnerWorker.java:84)
at org.testng.TestNG.runSuitesSequentially(TestNG.java:1208)
at org.testng.TestNG.runSuitesLocally(TestNG.java:1137)
at org.testng.TestNG.runSuites(TestNG.java:1049)
at org.testng.TestNG.run(TestNG.java:1017)
at org.testng.remote.AbstractRemoteTestNG.run(AbstractRemoteTestNG.java:132)
at org.testng.remote.RemoteTestNG.initAndRun(RemoteTestNG.java:236)
at org.testng.remote.RemoteTestNG.main(RemoteTestNG.java:81)
]]>
            </full-stacktrace>
          </exception> <!-- java.lang.AssertionError -->
          <reporter-output>
          </reporter-output>
        </test-method> <!-- tempComparatorOfWebUIandAPI -->
        <test-method status="PASS" signature="varianceCheck()[pri:2, instance:com.ndtv.testcases.ComparatorTestCase@43d7741f]" name="varianceCheck" duration-ms="743" started-at="2020-09-13T20:04:05Z" finished-at="2020-09-13T20:04:06Z">
          <reporter-output>
          </reporter-output>
        </test-method> <!-- varianceCheck -->
        <test-method status="PASS" signature="shutBrowser()[pri:0, instance:com.ndtv.testcases.ComparatorTestCase@43d7741f]" name="shutBrowser" is-config="true" duration-ms="0" started-at="2020-09-13T20:04:06Z" finished-at="2020-09-13T20:04:06Z">
          <reporter-output>
          </reporter-output>
        </test-method> <!-- shutBrowser -->
      </class> <!-- com.ndtv.testcases.ComparatorTestCase -->
    </test> <!-- ComparatorAndVariance -->
  </suite> <!-- Suite -->
</testng-results>
