<?xml version="1.0" encoding="UTF-8"?>
<testng-results skipped="2" failed="2" ignored="0" total="8" passed="4">
  <reporter-output>
  </reporter-output>
  <suite name="Suite" duration-ms="48691" started-at="2020-09-13T18:00:25Z" finished-at="2020-09-13T18:01:14Z">
    <groups>
    </groups>
    <test name="WebApplicationTest" duration-ms="45533" started-at="2020-09-13T18:00:25Z" finished-at="2020-09-13T18:01:10Z">
      <class name="com.ndtv.testcases.WebApplicationTestCases">
        <test-method status="PASS" signature="initializeBrowserDriver()[pri:0, instance:com.ndtv.testcases.WebApplicationTestCases@24a35978]" name="initializeBrowserDriver" is-config="true" duration-ms="6958" started-at="2020-09-13T18:00:25Z" finished-at="2020-09-13T18:00:32Z">
          <reporter-output>
          </reporter-output>
        </test-method> <!-- initializeBrowserDriver -->
        <test-method status="PASS" signature="launchNDTV()[pri:0, instance:com.ndtv.testcases.WebApplicationTestCases@24a35978]" name="launchNDTV" duration-ms="33430" started-at="2020-09-13T18:00:32Z" finished-at="2020-09-13T18:01:05Z">
          <reporter-output>
          </reporter-output>
        </test-method> <!-- launchNDTV -->
        <test-method status="FAIL" signature="navigateToWeather()[pri:0, instance:com.ndtv.testcases.WebApplicationTestCases@24a35978]" name="navigateToWeather" duration-ms="4050" started-at="2020-09-13T18:01:05Z" depends-on-methods="com.ndtv.testcases.WebApplicationTestCases.launchNDTV" finished-at="2020-09-13T18:01:09Z">
          <exception class="org.openqa.selenium.ElementClickInterceptedException">
            <message>
              <![CDATA[element click intercepted: Element <a href="javascript:void(0)" id="h_sub_menu" class="topnavmore"></a> is not clickable at point (871, 60). Other element would receive the click: <div class="noti_bgstyle"></div>
  (Session info: chrome=85.0.4183.102)
Build info: version: '3.141.59', revision: 'e82be7d358', time: '2018-11-14T08:17:03'
System info: host: 'DESKTOP-GIJ7VPF', ip: '192.168.43.78', os.name: 'Windows 10', os.arch: 'amd64', os.version: '10.0', java.version: '1.8.0_261'
Driver info: org.openqa.selenium.chrome.ChromeDriver
Capabilities {acceptInsecureCerts: false, browserName: chrome, browserVersion: 85.0.4183.102, chrome: {chromedriverVersion: 84.0.4147.30 (48b3e868b4cc0..., userDataDir: C:\Users\91965\AppData\Loca...}, goog:chromeOptions: {debuggerAddress: localhost:54967}, javascriptEnabled: true, networkConnectionEnabled: false, pageLoadStrategy: normal, platform: WINDOWS, platformName: WINDOWS, proxy: Proxy(), setWindowRect: true, strictFileInteractability: false, timeouts: {implicit: 0, pageLoad: 300000, script: 30000}, unhandledPromptBehavior: dismiss and notify, webauthn:virtualAuthenticators: true}
Session ID: b9bf6f4f37ccdb09024022ee4e2834b1]]>
            </message>
            <full-stacktrace>
              <![CDATA[org.openqa.selenium.ElementClickInterceptedException: element click intercepted: Element <a href="javascript:void(0)" id="h_sub_menu" class="topnavmore"></a> is not clickable at point (871, 60). Other element would receive the click: <div class="noti_bgstyle"></div>
  (Session info: chrome=85.0.4183.102)
Build info: version: '3.141.59', revision: 'e82be7d358', time: '2018-11-14T08:17:03'
System info: host: 'DESKTOP-GIJ7VPF', ip: '192.168.43.78', os.name: 'Windows 10', os.arch: 'amd64', os.version: '10.0', java.version: '1.8.0_261'
Driver info: org.openqa.selenium.chrome.ChromeDriver
Capabilities {acceptInsecureCerts: false, browserName: chrome, browserVersion: 85.0.4183.102, chrome: {chromedriverVersion: 84.0.4147.30 (48b3e868b4cc0..., userDataDir: C:\Users\91965\AppData\Loca...}, goog:chromeOptions: {debuggerAddress: localhost:54967}, javascriptEnabled: true, networkConnectionEnabled: false, pageLoadStrategy: normal, platform: WINDOWS, platformName: WINDOWS, proxy: Proxy(), setWindowRect: true, strictFileInteractability: false, timeouts: {implicit: 0, pageLoad: 300000, script: 30000}, unhandledPromptBehavior: dismiss and notify, webauthn:virtualAuthenticators: true}
Session ID: b9bf6f4f37ccdb09024022ee4e2834b1
at sun.reflect.NativeConstructorAccessorImpl.newInstance0(Native Method)
at sun.reflect.NativeConstructorAccessorImpl.newInstance(NativeConstructorAccessorImpl.java:62)
at sun.reflect.DelegatingConstructorAccessorImpl.newInstance(DelegatingConstructorAccessorImpl.java:45)
at java.lang.reflect.Constructor.newInstance(Constructor.java:423)
at org.openqa.selenium.remote.http.W3CHttpResponseCodec.createException(W3CHttpResponseCodec.java:187)
at org.openqa.selenium.remote.http.W3CHttpResponseCodec.decode(W3CHttpResponseCodec.java:122)
at org.openqa.selenium.remote.http.W3CHttpResponseCodec.decode(W3CHttpResponseCodec.java:49)
at org.openqa.selenium.remote.HttpCommandExecutor.execute(HttpCommandExecutor.java:158)
at org.openqa.selenium.remote.service.DriverCommandExecutor.execute(DriverCommandExecutor.java:83)
at org.openqa.selenium.remote.RemoteWebDriver.execute(RemoteWebDriver.java:552)
at org.openqa.selenium.remote.RemoteWebElement.execute(RemoteWebElement.java:285)
at org.openqa.selenium.remote.RemoteWebElement.click(RemoteWebElement.java:84)
at sun.reflect.NativeMethodAccessorImpl.invoke0(Native Method)
at sun.reflect.NativeMethodAccessorImpl.invoke(NativeMethodAccessorImpl.java:62)
at sun.reflect.DelegatingMethodAccessorImpl.invoke(DelegatingMethodAccessorImpl.java:43)
at java.lang.reflect.Method.invoke(Method.java:498)
at org.openqa.selenium.support.pagefactory.internal.LocatingElementHandler.invoke(LocatingElementHandler.java:51)
at com.sun.proxy.$Proxy10.click(Unknown Source)
at com.ndtv.keywords.CommonFunctions.click(CommonFunctions.java:67)
at com.ndtv.testcases.WebApplicationTestCases.navigateToWeather(WebApplicationTestCases.java:42)
at sun.reflect.NativeMethodAccessorImpl.invoke0(Native Method)
at sun.reflect.NativeMethodAccessorImpl.invoke(NativeMethodAccessorImpl.java:62)
at sun.reflect.DelegatingMethodAccessorImpl.invoke(DelegatingMethodAccessorImpl.java:43)
at java.lang.reflect.Method.invoke(Method.java:498)
at org.testng.internal.MethodInvocationHelper.invokeMethod(MethodInvocationHelper.java:124)
at org.testng.internal.Invoker.invokeMethod(Invoker.java:583)
at org.testng.internal.Invoker.invokeTestMethod(Invoker.java:719)
at org.testng.internal.Invoker.invokeTestMethods(Invoker.java:989)
at org.testng.internal.TestMethodWorker.invokeTestMethods(TestMethodWorker.java:125)
at org.testng.internal.TestMethodWorker.run(TestMethodWorker.java:109)
at org.testng.TestRunner.privateRun(TestRunner.java:648)
at org.testng.TestRunner.run(TestRunner.java:505)
at org.testng.SuiteRunner.runTest(SuiteRunner.java:455)
at org.testng.SuiteRunner.runSequentially(SuiteRunner.java:450)
at org.testng.SuiteRunner.privateRun(SuiteRunner.java:415)
at org.testng.SuiteRunner.run(SuiteRunner.java:364)
at org.testng.SuiteRunnerWorker.runSuite(SuiteRunnerWorker.java:52)
at org.testng.SuiteRunnerWorker.run(SuiteRunnerWorker.java:84)
at org.testng.TestNG.runSuitesSequentially(TestNG.java:1208)
at org.testng.TestNG.runSuitesLocally(TestNG.java:1137)
at org.testng.TestNG.runSuites(TestNG.java:1049)
at org.testng.TestNG.run(TestNG.java:1017)
at org.testng.remote.AbstractRemoteTestNG.run(AbstractRemoteTestNG.java:132)
at org.testng.remote.RemoteTestNG.initAndRun(RemoteTestNG.java:236)
at org.testng.remote.RemoteTestNG.main(RemoteTestNG.java:81)
]]>
            </full-stacktrace>
          </exception> <!-- org.openqa.selenium.ElementClickInterceptedException -->
          <reporter-output>
          </reporter-output>
        </test-method> <!-- navigateToWeather -->
        <test-method status="SKIP" signature="validateCityOnMap()[pri:0, instance:com.ndtv.testcases.WebApplicationTestCases@24a35978]" name="validateCityOnMap" duration-ms="0" started-at="2020-09-13T18:01:09Z" depends-on-methods="com.ndtv.testcases.WebApplicationTestCases.navigateToWeather" finished-at="2020-09-13T18:01:09Z">
          <exception class="java.lang.Throwable">
            <message>
              <![CDATA[Method WebApplicationTestCases.validateCityOnMap()[pri:0, instance:com.ndtv.testcases.WebApplicationTestCases@24a35978] depends on not successfully finished methods]]>
            </message>
            <full-stacktrace>
              <![CDATA[java.lang.Throwable: Method WebApplicationTestCases.validateCityOnMap()[pri:0, instance:com.ndtv.testcases.WebApplicationTestCases@24a35978] depends on not successfully finished methods
at org.testng.internal.Invoker.invokeTestMethods(Invoker.java:888)
at org.testng.internal.TestMethodWorker.invokeTestMethods(TestMethodWorker.java:125)
at org.testng.internal.TestMethodWorker.run(TestMethodWorker.java:109)
at org.testng.TestRunner.privateRun(TestRunner.java:648)
at org.testng.TestRunner.run(TestRunner.java:505)
at org.testng.SuiteRunner.runTest(SuiteRunner.java:455)
at org.testng.SuiteRunner.runSequentially(SuiteRunner.java:450)
at org.testng.SuiteRunner.privateRun(SuiteRunner.java:415)
at org.testng.SuiteRunner.run(SuiteRunner.java:364)
at org.testng.SuiteRunnerWorker.runSuite(SuiteRunnerWorker.java:52)
at org.testng.SuiteRunnerWorker.run(SuiteRunnerWorker.java:84)
at org.testng.TestNG.runSuitesSequentially(TestNG.java:1208)
at org.testng.TestNG.runSuitesLocally(TestNG.java:1137)
at org.testng.TestNG.runSuites(TestNG.java:1049)
at org.testng.TestNG.run(TestNG.java:1017)
at org.testng.remote.AbstractRemoteTestNG.run(AbstractRemoteTestNG.java:132)
at org.testng.remote.RemoteTestNG.initAndRun(RemoteTestNG.java:236)
at org.testng.remote.RemoteTestNG.main(RemoteTestNG.java:81)
]]>
            </full-stacktrace>
          </exception> <!-- java.lang.Throwable -->
          <reporter-output>
          </reporter-output>
        </test-method> <!-- validateCityOnMap -->
        <test-method status="SKIP" signature="captureTemp()[pri:0, instance:com.ndtv.testcases.WebApplicationTestCases@24a35978]" name="captureTemp" duration-ms="0" started-at="2020-09-13T18:01:09Z" depends-on-methods="com.ndtv.testcases.WebApplicationTestCases.validateCityOnMap" finished-at="2020-09-13T18:01:09Z">
          <exception class="java.lang.Throwable">
            <message>
              <![CDATA[Method WebApplicationTestCases.captureTemp()[pri:0, instance:com.ndtv.testcases.WebApplicationTestCases@24a35978] depends on not successfully finished methods]]>
            </message>
            <full-stacktrace>
              <![CDATA[java.lang.Throwable: Method WebApplicationTestCases.captureTemp()[pri:0, instance:com.ndtv.testcases.WebApplicationTestCases@24a35978] depends on not successfully finished methods
at org.testng.internal.Invoker.invokeTestMethods(Invoker.java:888)
at org.testng.internal.TestMethodWorker.invokeTestMethods(TestMethodWorker.java:125)
at org.testng.internal.TestMethodWorker.run(TestMethodWorker.java:109)
at org.testng.TestRunner.privateRun(TestRunner.java:648)
at org.testng.TestRunner.run(TestRunner.java:505)
at org.testng.SuiteRunner.runTest(SuiteRunner.java:455)
at org.testng.SuiteRunner.runSequentially(SuiteRunner.java:450)
at org.testng.SuiteRunner.privateRun(SuiteRunner.java:415)
at org.testng.SuiteRunner.run(SuiteRunner.java:364)
at org.testng.SuiteRunnerWorker.runSuite(SuiteRunnerWorker.java:52)
at org.testng.SuiteRunnerWorker.run(SuiteRunnerWorker.java:84)
at org.testng.TestNG.runSuitesSequentially(TestNG.java:1208)
at org.testng.TestNG.runSuitesLocally(TestNG.java:1137)
at org.testng.TestNG.runSuites(TestNG.java:1049)
at org.testng.TestNG.run(TestNG.java:1017)
at org.testng.remote.AbstractRemoteTestNG.run(AbstractRemoteTestNG.java:132)
at org.testng.remote.RemoteTestNG.initAndRun(RemoteTestNG.java:236)
at org.testng.remote.RemoteTestNG.main(RemoteTestNG.java:81)
]]>
            </full-stacktrace>
          </exception> <!-- java.lang.Throwable -->
          <reporter-output>
          </reporter-output>
        </test-method> <!-- captureTemp -->
        <test-method status="PASS" signature="shutBrowser()[pri:0, instance:com.ndtv.testcases.WebApplicationTestCases@24a35978]" name="shutBrowser" is-config="true" duration-ms="1016" started-at="2020-09-13T18:01:09Z" finished-at="2020-09-13T18:01:10Z">
          <reporter-output>
          </reporter-output>
        </test-method> <!-- shutBrowser -->
      </class> <!-- com.ndtv.testcases.WebApplicationTestCases -->
    </test> <!-- WebApplicationTest -->
    <test name="APITest" duration-ms="2025" started-at="2020-09-13T18:01:11Z" finished-at="2020-09-13T18:01:13Z">
      <class name="com.ndtv.testcases.APITestCases">
        <test-method status="PASS" signature="weatherJsonResponse()[pri:0, instance:com.ndtv.testcases.APITestCases@2f8f5f62]" name="weatherJsonResponse" duration-ms="2009" started-at="2020-09-13T18:01:11Z" finished-at="2020-09-13T18:01:13Z">
          <reporter-output>
          </reporter-output>
        </test-method> <!-- weatherJsonResponse -->
        <test-method status="PASS" signature="extractResponseBody()[pri:0, instance:com.ndtv.testcases.APITestCases@2f8f5f62]" name="extractResponseBody" duration-ms="6" started-at="2020-09-13T18:01:13Z" depends-on-methods="com.ndtv.testcases.APITestCases.weatherJsonResponse" finished-at="2020-09-13T18:01:13Z">
          <reporter-output>
          </reporter-output>
        </test-method> <!-- extractResponseBody -->
      </class> <!-- com.ndtv.testcases.APITestCases -->
    </test> <!-- APITest -->
    <test name="ComparatorAndVariance" duration-ms="662" started-at="2020-09-13T18:01:13Z" finished-at="2020-09-13T18:01:14Z">
      <class name="com.ndtv.testcases.ComparatorTestCase">
        <test-method status="FAIL" signature="tempComparatorOfWebUIandAPI()[pri:1, instance:com.ndtv.testcases.ComparatorTestCase@43d7741f]" name="tempComparatorOfWebUIandAPI" duration-ms="1" started-at="2020-09-13T18:01:13Z" finished-at="2020-09-13T18:01:13Z">
          <exception class="java.lang.NullPointerException">
            <full-stacktrace>
              <![CDATA[java.lang.NullPointerException
at com.ndtv.util.TemperatureUtility.compareTemperature(TemperatureUtility.java:59)
at com.ndtv.testcases.ComparatorTestCase.tempComparatorOfWebUIandAPI(ComparatorTestCase.java:20)
at sun.reflect.NativeMethodAccessorImpl.invoke0(Native Method)
at sun.reflect.NativeMethodAccessorImpl.invoke(NativeMethodAccessorImpl.java:62)
at sun.reflect.DelegatingMethodAccessorImpl.invoke(DelegatingMethodAccessorImpl.java:43)
at java.lang.reflect.Method.invoke(Method.java:498)
at org.testng.internal.MethodInvocationHelper.invokeMethod(MethodInvocationHelper.java:124)
at org.testng.internal.Invoker.invokeMethod(Invoker.java:583)
at org.testng.internal.Invoker.invokeTestMethod(Invoker.java:719)
at org.testng.internal.Invoker.invokeTestMethods(Invoker.java:989)
at org.testng.internal.TestMethodWorker.invokeTestMethods(TestMethodWorker.java:125)
at org.testng.internal.TestMethodWorker.run(TestMethodWorker.java:109)
at org.testng.TestRunner.privateRun(TestRunner.java:648)
at org.testng.TestRunner.run(TestRunner.java:505)
at org.testng.SuiteRunner.runTest(SuiteRunner.java:455)
at org.testng.SuiteRunner.runSequentially(SuiteRunner.java:450)
at org.testng.SuiteRunner.privateRun(SuiteRunner.java:415)
at org.testng.SuiteRunner.run(SuiteRunner.java:364)
at org.testng.SuiteRunnerWorker.runSuite(SuiteRunnerWorker.java:52)
at org.testng.SuiteRunnerWorker.run(SuiteRunnerWorker.java:84)
at org.testng.TestNG.runSuitesSequentially(TestNG.java:1208)
at org.testng.TestNG.runSuitesLocally(TestNG.java:1137)
at org.testng.TestNG.runSuites(TestNG.java:1049)
at org.testng.TestNG.run(TestNG.java:1017)
at org.testng.remote.AbstractRemoteTestNG.run(AbstractRemoteTestNG.java:132)
at org.testng.remote.RemoteTestNG.initAndRun(RemoteTestNG.java:236)
at org.testng.remote.RemoteTestNG.main(RemoteTestNG.java:81)
]]>
            </full-stacktrace>
          </exception> <!-- java.lang.NullPointerException -->
          <reporter-output>
          </reporter-output>
        </test-method> <!-- tempComparatorOfWebUIandAPI -->
        <test-method status="PASS" signature="varianceCheck()[pri:2, instance:com.ndtv.testcases.ComparatorTestCase@43d7741f]" name="varianceCheck" duration-ms="644" started-at="2020-09-13T18:01:13Z" finished-at="2020-09-13T18:01:14Z">
          <reporter-output>
          </reporter-output>
        </test-method> <!-- varianceCheck -->
        <test-method status="PASS" signature="shutBrowser()[pri:0, instance:com.ndtv.testcases.ComparatorTestCase@43d7741f]" name="shutBrowser" is-config="true" duration-ms="0" started-at="2020-09-13T18:01:14Z" finished-at="2020-09-13T18:01:14Z">
          <reporter-output>
          </reporter-output>
        </test-method> <!-- shutBrowser -->
      </class> <!-- com.ndtv.testcases.ComparatorTestCase -->
    </test> <!-- ComparatorAndVariance -->
  </suite> <!-- Suite -->
</testng-results>
