<?xml version="1.0" encoding="UTF-8"?>
<testng-results skipped="0" failed="1" ignored="0" total="6" passed="5">
  <reporter-output>
  </reporter-output>
  <suite name="Suite" duration-ms="42969" started-at="2020-09-09T21:44:56Z" finished-at="2020-09-09T21:45:39Z">
    <groups>
    </groups>
    <test name="WebApplicationTest" duration-ms="40228" started-at="2020-09-09T21:44:56Z" finished-at="2020-09-09T21:45:37Z">
      <class name="com.ndtv.testcases.WebApplicationTestCases">
        <test-method status="PASS" signature="initializeBrowserDriver()[pri:0, instance:com.ndtv.testcases.WebApplicationTestCases@38102d01]" name="initializeBrowserDriver" is-config="true" duration-ms="6878" started-at="2020-09-09T21:44:56Z" finished-at="2020-09-09T21:45:03Z">
          <reporter-output>
          </reporter-output>
        </test-method> <!-- initializeBrowserDriver -->
        <test-method status="PASS" signature="launchNDTV()[pri:0, instance:com.ndtv.testcases.WebApplicationTestCases@38102d01]" name="launchNDTV" duration-ms="8250" started-at="2020-09-09T21:45:03Z" finished-at="2020-09-09T21:45:12Z">
          <reporter-output>
          </reporter-output>
        </test-method> <!-- launchNDTV -->
        <test-method status="PASS" signature="navigateToWeather()[pri:0, instance:com.ndtv.testcases.WebApplicationTestCases@38102d01]" name="navigateToWeather" duration-ms="22534" started-at="2020-09-09T21:45:12Z" depends-on-methods="com.ndtv.testcases.WebApplicationTestCases.launchNDTV" finished-at="2020-09-09T21:45:34Z">
          <reporter-output>
          </reporter-output>
        </test-method> <!-- navigateToWeather -->
        <test-method status="PASS" signature="validateCityOnMap()[pri:0, instance:com.ndtv.testcases.WebApplicationTestCases@38102d01]" name="validateCityOnMap" duration-ms="1345" started-at="2020-09-09T21:45:34Z" depends-on-methods="com.ndtv.testcases.WebApplicationTestCases.navigateToWeather" finished-at="2020-09-09T21:45:36Z">
          <reporter-output>
          </reporter-output>
        </test-method> <!-- validateCityOnMap -->
        <test-method status="PASS" signature="captureTemp()[pri:0, instance:com.ndtv.testcases.WebApplicationTestCases@38102d01]" name="captureTemp" duration-ms="308" started-at="2020-09-09T21:45:36Z" depends-on-methods="com.ndtv.testcases.WebApplicationTestCases.validateCityOnMap" finished-at="2020-09-09T21:45:36Z">
          <reporter-output>
          </reporter-output>
        </test-method> <!-- captureTemp -->
        <test-method status="PASS" signature="shutBrowser()[pri:0, instance:com.ndtv.testcases.WebApplicationTestCases@38102d01]" name="shutBrowser" is-config="true" duration-ms="837" started-at="2020-09-09T21:45:36Z" finished-at="2020-09-09T21:45:37Z">
          <reporter-output>
          </reporter-output>
        </test-method> <!-- shutBrowser -->
      </class> <!-- com.ndtv.testcases.WebApplicationTestCases -->
    </test> <!-- WebApplicationTest -->
    <test name="APITest" duration-ms="2366" started-at="2020-09-09T21:45:37Z" finished-at="2020-09-09T21:45:39Z">
      <class name="com.ndtv.restAssured.ResponseToJavaObjectDeserialization">
        <test-method status="PASS" signature="weatherJsonResponse()[pri:0, instance:com.ndtv.restAssured.ResponseToJavaObjectDeserialization@2118cddf]" name="weatherJsonResponse" duration-ms="2330" started-at="2020-09-09T21:45:37Z" finished-at="2020-09-09T21:45:39Z">
          <reporter-output>
          </reporter-output>
        </test-method> <!-- weatherJsonResponse -->
        <test-method status="FAIL" signature="getResponseBody()[pri:0, instance:com.ndtv.restAssured.ResponseToJavaObjectDeserialization@2118cddf]" name="getResponseBody" duration-ms="6" started-at="2020-09-09T21:45:39Z" depends-on-methods="com.ndtv.restAssured.ResponseToJavaObjectDeserialization.weatherJsonResponse" finished-at="2020-09-09T21:45:39Z">
          <exception class="java.lang.AssertionError">
            <message>
              <![CDATA[null]]>
            </message>
            <full-stacktrace>
              <![CDATA[java.lang.AssertionError: null
at org.testng.Assert.fail(Assert.java:96)
at org.testng.Assert.fail(Assert.java:103)
at com.ndtv.util.TemperatureUtility.extractTempFromAPI(TemperatureUtility.java:69)
at com.ndtv.restAssured.ResponseToJavaObjectDeserialization.getResponseBody(ResponseToJavaObjectDeserialization.java:43)
at sun.reflect.NativeMethodAccessorImpl.invoke0(Native Method)
at sun.reflect.NativeMethodAccessorImpl.invoke(NativeMethodAccessorImpl.java:62)
at sun.reflect.DelegatingMethodAccessorImpl.invoke(DelegatingMethodAccessorImpl.java:43)
at java.lang.reflect.Method.invoke(Method.java:498)
at org.testng.internal.MethodInvocationHelper.invokeMethod(MethodInvocationHelper.java:124)
at org.testng.internal.Invoker.invokeMethod(Invoker.java:583)
at org.testng.internal.Invoker.invokeTestMethod(Invoker.java:719)
at org.testng.internal.Invoker.invokeTestMethods(Invoker.java:989)
at org.testng.internal.TestMethodWorker.invokeTestMethods(TestMethodWorker.java:125)
at org.testng.internal.TestMethodWorker.run(TestMethodWorker.java:109)
at org.testng.TestRunner.privateRun(TestRunner.java:648)
at org.testng.TestRunner.run(TestRunner.java:505)
at org.testng.SuiteRunner.runTest(SuiteRunner.java:455)
at org.testng.SuiteRunner.runSequentially(SuiteRunner.java:450)
at org.testng.SuiteRunner.privateRun(SuiteRunner.java:415)
at org.testng.SuiteRunner.run(SuiteRunner.java:364)
at org.testng.SuiteRunnerWorker.runSuite(SuiteRunnerWorker.java:52)
at org.testng.SuiteRunnerWorker.run(SuiteRunnerWorker.java:84)
at org.testng.TestNG.runSuitesSequentially(TestNG.java:1208)
at org.testng.TestNG.runSuitesLocally(TestNG.java:1137)
at org.testng.TestNG.runSuites(TestNG.java:1049)
at org.testng.TestNG.run(TestNG.java:1017)
at org.testng.remote.AbstractRemoteTestNG.run(AbstractRemoteTestNG.java:132)
at org.testng.remote.RemoteTestNG.initAndRun(RemoteTestNG.java:236)
at org.testng.remote.RemoteTestNG.main(RemoteTestNG.java:81)
]]>
            </full-stacktrace>
          </exception> <!-- java.lang.AssertionError -->
          <reporter-output>
          </reporter-output>
        </test-method> <!-- getResponseBody -->
      </class> <!-- com.ndtv.restAssured.ResponseToJavaObjectDeserialization -->
    </test> <!-- APITest -->
  </suite> <!-- Suite -->
</testng-results>
