<?xml version="1.0" encoding="UTF-8"?>
<testng-results skipped="0" failed="0" ignored="0" total="1" passed="1">
  <reporter-output>
  </reporter-output>
  <suite name="Default suite" duration-ms="2701" started-at="2020-09-09T10:47:11Z" finished-at="2020-09-09T10:47:14Z">
    <groups>
    </groups>
    <test name="Default test" duration-ms="2701" started-at="2020-09-09T10:47:11Z" finished-at="2020-09-09T10:47:14Z">
      <class name="com.ndtv.restAssured.ResponseToJavaObjectDeserialization">
        <test-method status="PASS" signature="deserialization()[pri:0, instance:com.ndtv.restAssured.ResponseToJavaObjectDeserialization@239963d8]" name="deserialization" duration-ms="2651" started-at="2020-09-09T10:47:11Z" finished-at="2020-09-09T10:47:14Z">
          <reporter-output>
          </reporter-output>
        </test-method> <!-- deserialization -->
      </class> <!-- com.ndtv.restAssured.ResponseToJavaObjectDeserialization -->
    </test> <!-- Default test -->
  </suite> <!-- Default suite -->
</testng-results>
