<?xml version="1.0" encoding="UTF-8"?>
<!-- Generated by org.testng.reporters.JUnitXMLReporter -->
<testsuite hostname="DESKTOP-GIJ7VPF" ignored="0" name="APITest" tests="2" failures="1" timestamp="09 Sep 2020 21:45:39 GMT" time="2.366" errors="0">
  <testcase name="weatherJsonResponse" time="2.33" classname="com.ndtv.restAssured.ResponseToJavaObjectDeserialization"/>
  <testcase name="getResponseBody" time="0.006" classname="com.ndtv.restAssured.ResponseToJavaObjectDeserialization">
    <failure type="java.lang.AssertionError" message="null">
      <![CDATA[java.lang.AssertionError: null
at com.ndtv.util.TemperatureUtility.extractTempFromAPI(TemperatureUtility.java:69)
at com.ndtv.restAssured.ResponseToJavaObjectDeserialization.getResponseBody(ResponseToJavaObjectDeserialization.java:43)
... Removed 27 stack frames]]>
    </failure>
  </testcase> <!-- getResponseBody -->
</testsuite> <!-- APITest -->
