<?xml version="1.0" encoding="UTF-8"?>
<!-- Generated by org.testng.reporters.JUnitXMLReporter -->
<testsuite hostname="DESKTOP-GIJ7VPF" ignored="0" name="ComparatorAndVariance" tests="2" failures="1" timestamp="13 Sep 2020 18:01:14 GMT" time="0.662" errors="0">
  <testcase name="tempComparatorOfWebUIandAPI" time="0.001" classname="com.ndtv.testcases.ComparatorTestCase">
    <failure type="java.lang.NullPointerException">
      <![CDATA[java.lang.NullPointerException
at com.ndtv.util.TemperatureUtility.compareTemperature(TemperatureUtility.java:59)
at com.ndtv.testcases.ComparatorTestCase.tempComparatorOfWebUIandAPI(ComparatorTestCase.java:20)
... Removed 25 stack frames]]>
    </failure>
  </testcase> <!-- tempComparatorOfWebUIandAPI -->
  <testcase name="varianceCheck" time="0.644" classname="com.ndtv.testcases.ComparatorTestCase"/>
</testsuite> <!-- ComparatorAndVariance -->
