<?xml version="1.0" encoding="UTF-8"?>
<!-- Generated by org.testng.reporters.JUnitXMLReporter -->
<testsuite hostname="DESKTOP-GIJ7VPF" ignored="0" name="ComparatorAndVariance" tests="2" failures="1" timestamp="13 Sep 2020 20:04:06 GMT" time="0.763" errors="0">
  <testcase name="tempComparatorOfWebUIandAPI" time="0.003" classname="com.ndtv.testcases.ComparatorTestCase">
    <failure type="java.lang.AssertionError" message="The following asserts failed:
	Temperature in Kelvin from API response : 302.49 and Temperature in Kelvin from WebUI is 303.15,
	Humidity from API response : 66.0 and humidity from WebUI is 79.0">
      <![CDATA[java.lang.AssertionError: The following asserts failed:
Temperature in Kelvin from API response : 302.49 and Temperature in Kelvin from WebUI is 303.15,
Humidity from API response : 66.0 and humidity from WebUI is 79.0
at com.ndtv.util.TemperatureUtility.compareTemperature(TemperatureUtility.java:80)
at com.ndtv.testcases.ComparatorTestCase.tempComparatorOfWebUIandAPI(ComparatorTestCase.java:20)
... Removed 26 stack frames]]>
    </failure>
  </testcase> <!-- tempComparatorOfWebUIandAPI -->
  <testcase name="varianceCheck" time="0.743" classname="com.ndtv.testcases.ComparatorTestCase"/>
</testsuite> <!-- ComparatorAndVariance -->
