<?xml version="1.0" encoding="UTF-8"?>
<!-- Generated by org.testng.reporters.JUnitXMLReporter -->
<testsuite hostname="DESKTOP-GIJ7VPF" ignored="0" name="Test" tests="1" failures="1" timestamp="09 Sep 2020 10:26:36 GMT" time="1.314" errors="0">
  <testcase name="deserialization" time="0.736" classname="com.ndtv.restAssured.ResponseToJavaObjectDeserialization">
    <failure type="org.testng.internal.reflect.MethodMatcherException" message="
Data provider mismatch
Method: deserialization([Parameter{index=0, type=java.util.Iterator, declaredAnnotations=[]}])
Arguments: [(java.lang.String) APITestData]">
      <![CDATA[org.testng.internal.reflect.MethodMatcherException: 
Data provider mismatch
Method: deserialization([Parameter{index=0, type=java.util.Iterator, declaredAnnotations=[]}])
Arguments: [(java.lang.String) APITestData]
... Removed 20 stack frames]]>
    </failure>
  </testcase> <!-- deserialization -->
</testsuite> <!-- Test -->
