<?xml version="1.0" encoding="UTF-8"?>
<!-- Generated by org.testng.reporters.JUnitXMLReporter -->
<testsuite hostname="DESKTOP-GIJ7VPF" ignored="0" name="WebApplicationTest" tests="4" failures="0" timestamp="09 Sep 2020 19:13:04 GMT" time="28.75" errors="0">
  <testcase name="launchNDTV" time="13.067" classname="com.ndtv.testcases.WebApplicationTestCases"/>
  <testcase name="navigateToWeather" time="2.783" classname="com.ndtv.testcases.WebApplicationTestCases"/>
  <testcase name="validateCityOnMap" time="3.432" classname="com.ndtv.testcases.WebApplicationTestCases"/>
  <testcase name="captureTemp" time="0.577" classname="com.ndtv.testcases.WebApplicationTestCases"/>
</testsuite> <!-- WebApplicationTest -->
