<?xml version="1.0" encoding="UTF-8"?>
<!-- Generated by org.testng.reporters.JUnitXMLReporter -->
<testsuite hostname="DESKTOP-GIJ7VPF" ignored="0" name="WebApplicationTest" tests="4" failures="0" timestamp="10 Sep 2020 20:19:01 GMT" time="24.028" errors="0">
  <testcase name="launchNDTV" time="6.881" classname="com.ndtv.testcases.WebApplicationTestCases"/>
  <testcase name="navigateToWeather" time="7.186" classname="com.ndtv.testcases.WebApplicationTestCases"/>
  <testcase name="validateCityOnMap" time="0.686" classname="com.ndtv.testcases.WebApplicationTestCases"/>
  <testcase name="captureTemp" time="0.564" classname="com.ndtv.testcases.WebApplicationTestCases"/>
</testsuite> <!-- WebApplicationTest -->
