<?xml version="1.0" encoding="UTF-8"?>
<testng-results skipped="0" failed="1" ignored="0" total="7" passed="6">
  <reporter-output>
  </reporter-output>
  <suite name="Suite" duration-ms="39667" started-at="2020-09-09T21:55:27Z" finished-at="2020-09-09T21:56:07Z">
    <groups>
    </groups>
    <test name="WebApplicationTest" duration-ms="37143" started-at="2020-09-09T21:55:27Z" finished-at="2020-09-09T21:56:04Z">
      <class name="com.ndtv.testcases.WebApplicationTestCases">
        <test-method status="PASS" signature="initializeBrowserDriver()[pri:0, instance:com.ndtv.testcases.WebApplicationTestCases@47eaca72]" name="initializeBrowserDriver" is-config="true" duration-ms="7191" started-at="2020-09-09T21:55:27Z" finished-at="2020-09-09T21:55:34Z">
          <reporter-output>
          </reporter-output>
        </test-method> <!-- initializeBrowserDriver -->
        <test-method status="PASS" signature="launchNDTV()[pri:0, instance:com.ndtv.testcases.WebApplicationTestCases@47eaca72]" name="launchNDTV" duration-ms="5135" started-at="2020-09-09T21:55:34Z" finished-at="2020-09-09T21:55:40Z">
          <reporter-output>
          </reporter-output>
        </test-method> <!-- launchNDTV -->
        <test-method status="PASS" signature="navigateToWeather()[pri:0, instance:com.ndtv.testcases.WebApplicationTestCases@47eaca72]" name="navigateToWeather" duration-ms="22202" started-at="2020-09-09T21:55:40Z" depends-on-methods="com.ndtv.testcases.WebApplicationTestCases.launchNDTV" finished-at="2020-09-09T21:56:02Z">
          <reporter-output>
          </reporter-output>
        </test-method> <!-- navigateToWeather -->
        <test-method status="PASS" signature="validateCityOnMap()[pri:0, instance:com.ndtv.testcases.WebApplicationTestCases@47eaca72]" name="validateCityOnMap" duration-ms="1354" started-at="2020-09-09T21:56:02Z" depends-on-methods="com.ndtv.testcases.WebApplicationTestCases.navigateToWeather" finished-at="2020-09-09T21:56:03Z">
          <reporter-output>
          </reporter-output>
        </test-method> <!-- validateCityOnMap -->
        <test-method status="PASS" signature="captureTemp()[pri:0, instance:com.ndtv.testcases.WebApplicationTestCases@47eaca72]" name="captureTemp" duration-ms="337" started-at="2020-09-09T21:56:03Z" depends-on-methods="com.ndtv.testcases.WebApplicationTestCases.validateCityOnMap" finished-at="2020-09-09T21:56:03Z">
          <reporter-output>
          </reporter-output>
        </test-method> <!-- captureTemp -->
        <test-method status="PASS" signature="shutBrowser()[pri:0, instance:com.ndtv.testcases.WebApplicationTestCases@47eaca72]" name="shutBrowser" is-config="true" duration-ms="870" started-at="2020-09-09T21:56:03Z" finished-at="2020-09-09T21:56:04Z">
          <reporter-output>
          </reporter-output>
        </test-method> <!-- shutBrowser -->
      </class> <!-- com.ndtv.testcases.WebApplicationTestCases -->
    </test> <!-- WebApplicationTest -->
    <test name="APITest" duration-ms="2189" started-at="2020-09-09T21:56:05Z" finished-at="2020-09-09T21:56:07Z">
      <class name="com.ndtv.restAssured.ResponseToJavaObjectDeserialization">
        <test-method status="PASS" signature="weatherJsonResponse()[pri:0, instance:com.ndtv.restAssured.ResponseToJavaObjectDeserialization@3754a4bf]" name="weatherJsonResponse" duration-ms="2172" started-at="2020-09-09T21:56:05Z" finished-at="2020-09-09T21:56:07Z">
          <reporter-output>
          </reporter-output>
        </test-method> <!-- weatherJsonResponse -->
        <test-method status="PASS" signature="extractResponseBody()[pri:0, instance:com.ndtv.restAssured.ResponseToJavaObjectDeserialization@3754a4bf]" name="extractResponseBody" duration-ms="1" started-at="2020-09-09T21:56:07Z" depends-on-methods="com.ndtv.restAssured.ResponseToJavaObjectDeserialization.weatherJsonResponse" finished-at="2020-09-09T21:56:07Z">
          <reporter-output>
          </reporter-output>
        </test-method> <!-- extractResponseBody -->
        <test-method status="FAIL" signature="tempComparator()[pri:0, instance:com.ndtv.restAssured.ResponseToJavaObjectDeserialization@3754a4bf]" name="tempComparator" duration-ms="1" started-at="2020-09-09T21:56:07Z" depends-on-methods="com.ndtv.restAssured.ResponseToJavaObjectDeserialization.extractResponseBody" finished-at="2020-09-09T21:56:07Z">
          <exception class="java.lang.AssertionError">
            <message>
              <![CDATA[expected [Temperature in Kelvin from API response : 35.0 and Temperature in Kelvin from WebUI is 308.15] but found [false]]]>
            </message>
            <full-stacktrace>
              <![CDATA[java.lang.AssertionError: expected [Temperature in Kelvin from API response : 35.0 and Temperature in Kelvin from WebUI is 308.15] but found [false]
at org.testng.Assert.fail(Assert.java:96)
at org.testng.Assert.failNotEquals(Assert.java:776)
at org.testng.Assert.assertEqualsImpl(Assert.java:137)
at org.testng.Assert.assertEquals(Assert.java:118)
at org.testng.Assert.assertEquals(Assert.java:442)
at com.ndtv.util.TemperatureUtility.compareTemperature(TemperatureUtility.java:53)
at com.ndtv.restAssured.ResponseToJavaObjectDeserialization.tempComparator(ResponseToJavaObjectDeserialization.java:50)
at sun.reflect.NativeMethodAccessorImpl.invoke0(Native Method)
at sun.reflect.NativeMethodAccessorImpl.invoke(NativeMethodAccessorImpl.java:62)
at sun.reflect.DelegatingMethodAccessorImpl.invoke(DelegatingMethodAccessorImpl.java:43)
at java.lang.reflect.Method.invoke(Method.java:498)
at org.testng.internal.MethodInvocationHelper.invokeMethod(MethodInvocationHelper.java:124)
at org.testng.internal.Invoker.invokeMethod(Invoker.java:583)
at org.testng.internal.Invoker.invokeTestMethod(Invoker.java:719)
at org.testng.internal.Invoker.invokeTestMethods(Invoker.java:989)
at org.testng.internal.TestMethodWorker.invokeTestMethods(TestMethodWorker.java:125)
at org.testng.internal.TestMethodWorker.run(TestMethodWorker.java:109)
at org.testng.TestRunner.privateRun(TestRunner.java:648)
at org.testng.TestRunner.run(TestRunner.java:505)
at org.testng.SuiteRunner.runTest(SuiteRunner.java:455)
at org.testng.SuiteRunner.runSequentially(SuiteRunner.java:450)
at org.testng.SuiteRunner.privateRun(SuiteRunner.java:415)
at org.testng.SuiteRunner.run(SuiteRunner.java:364)
at org.testng.SuiteRunnerWorker.runSuite(SuiteRunnerWorker.java:52)
at org.testng.SuiteRunnerWorker.run(SuiteRunnerWorker.java:84)
at org.testng.TestNG.runSuitesSequentially(TestNG.java:1208)
at org.testng.TestNG.runSuitesLocally(TestNG.java:1137)
at org.testng.TestNG.runSuites(TestNG.java:1049)
at org.testng.TestNG.run(TestNG.java:1017)
at org.apache.maven.surefire.testng.TestNGExecutor.run(TestNGExecutor.java:295)
at org.apache.maven.surefire.testng.TestNGXmlTestSuite.execute(TestNGXmlTestSuite.java:84)
at org.apache.maven.surefire.testng.TestNGProvider.invoke(TestNGProvider.java:90)
at org.apache.maven.surefire.booter.ForkedBooter.invokeProviderInSameClassLoader(ForkedBooter.java:203)
at org.apache.maven.surefire.booter.ForkedBooter.runSuitesInProcess(ForkedBooter.java:155)
at org.apache.maven.surefire.booter.ForkedBooter.main(ForkedBooter.java:103)
]]>
            </full-stacktrace>
          </exception> <!-- java.lang.AssertionError -->
          <reporter-output>
          </reporter-output>
        </test-method> <!-- tempComparator -->
      </class> <!-- com.ndtv.restAssured.ResponseToJavaObjectDeserialization -->
    </test> <!-- APITest -->
  </suite> <!-- Suite -->
</testng-results>
