<?xml version="1.0" encoding="UTF-8"?>
<!-- Generated by org.testng.reporters.JUnitXMLReporter -->
<testsuite hostname="DESKTOP-GIJ7VPF" ignored="0" name="Default test" tests="4" failures="0" timestamp="09 Sep 2020 20:09:02 GMT" time="36.81" errors="0">
  <testcase name="launchNDTV" time="4.594" classname="com.ndtv.testcases.WebApplicationTestCases"/>
  <testcase name="navigateToWeather" time="22.477" classname="com.ndtv.testcases.WebApplicationTestCases"/>
  <testcase name="validateCityOnMap" time="1.544" classname="com.ndtv.testcases.WebApplicationTestCases"/>
  <testcase name="captureTemp" time="0.546" classname="com.ndtv.testcases.WebApplicationTestCases"/>
</testsuite> <!-- Default test -->
